Using pre-set license
Built from '2023.2/staging' branch; Version is '2023.2.17f1 (396a1c6fe404) revision 3762716'; Using compiler version '193431935'; Build Type 'Release'
OS: 'Windows 10  (10.0.19045) 64bit Education' Language: 'ko' Physical Memory: 49083 MB
BatchMode: 1, IsHumanControllingUs: 0, StartBugReporterOnCrash: 0, Is64bit: 1, IsPro: 1

COMMAND LINE ARGUMENTS:
C:\Program Files\Unity\2023.2.17f1\Editor\Unity.exe
-adb2
-batchMode
-noUpm
-name
AssetImportWorker0
-projectPath
B:/UnityProjectSoloStudy/Roguelike
-logFile
Logs/AssetImportWorker0.log
-srvPort
10423
-job-worker-count
7
-background-job-worker-count
8
-asset-garbage-collectors
1
Successfully changed project path to: B:/UnityProjectSoloStudy/Roguelike
B:/UnityProjectSoloStudy/Roguelike
[UnityMemory] Configuration Parameters - Can be set up in boot.config
    "memorysetup-bucket-allocator-granularity=16"
    "memorysetup-bucket-allocator-bucket-count=8"
    "memorysetup-bucket-allocator-block-size=33554432"
    "memorysetup-bucket-allocator-block-count=8"
    "memorysetup-main-allocator-block-size=16777216"
    "memorysetup-thread-allocator-block-size=16777216"
    "memorysetup-gfx-main-allocator-block-size=16777216"
    "memorysetup-gfx-thread-allocator-block-size=16777216"
    "memorysetup-cache-allocator-block-size=4194304"
    "memorysetup-typetree-allocator-block-size=2097152"
    "memorysetup-profiler-bucket-allocator-granularity=16"
    "memorysetup-profiler-bucket-allocator-bucket-count=8"
    "memorysetup-profiler-bucket-allocator-block-size=33554432"
    "memorysetup-profiler-bucket-allocator-block-count=8"
    "memorysetup-profiler-allocator-block-size=16777216"
    "memorysetup-profiler-editor-allocator-block-size=1048576"
    "memorysetup-temp-allocator-size-main=16777216"
    "memorysetup-job-temp-allocator-block-size=2097152"
    "memorysetup-job-temp-allocator-block-size-background=1048576"
    "memorysetup-job-temp-allocator-reduction-small-platforms=262144"
    "memorysetup-allocator-temp-initial-block-size-main=262144"
    "memorysetup-allocator-temp-initial-block-size-worker=262144"
    "memorysetup-temp-allocator-size-background-worker=32768"
    "memorysetup-temp-allocator-size-job-worker=262144"
    "memorysetup-temp-allocator-size-preload-manager=33554432"
    "memorysetup-temp-allocator-size-nav-mesh-worker=65536"
    "memorysetup-temp-allocator-size-audio-worker=65536"
    "memorysetup-temp-allocator-size-cloud-worker=32768"
    "memorysetup-temp-allocator-size-gi-baking-worker=262144"
    "memorysetup-temp-allocator-size-gi-baking-worker=262144"
    "memorysetup-temp-allocator-size-gi-baking-worker=262144"
    "memorysetup-temp-allocator-size-gi-baking-worker=262144"
    "memorysetup-temp-allocator-size-gfx=262144"
Player connection [5968] Host "[IP] 172.30.1.41 [Port] 0 [Flags] 2 [Guid] 3233387314 [EditorId] 3233387314 [Version] 1048832 [Id] WindowsEditor(7,DESKTOP-F7BK7MN) [Debug] 1 [PackageName] WindowsEditor [ProjectName] Editor" joined multi-casting on [225.0.0.222:54997]...
Player connection [5968] Host "[IP] 172.30.1.41 [Port] 0 [Flags] 2 [Guid] 3233387314 [EditorId] 3233387314 [Version] 1048832 [Id] WindowsEditor(7,DESKTOP-F7BK7MN) [Debug] 1 [PackageName] WindowsEditor [ProjectName] Editor" joined alternative multi-casting on [225.0.0.222:34997]...
JobSystem: Creating JobQueue using job-worker-count value 7
[Physics::Module] Initialized MultithreadedJobDispatcher with 7 workers.
Library Redirect Path: Library/
Refreshing native plugins compatible for Editor in 13.02 ms, found 8 plugins.
Preloading 0 native plugins for Editor in 0.00 ms.
Initialize engine version: 2023.2.17f1 (396a1c6fe404)
[Subsystems] Discovering subsystems at path C:/Program Files/Unity/2023.2.17f1/Editor/Data/Resources/UnitySubsystems
[Subsystems] Discovering subsystems at path B:/UnityProjectSoloStudy/Roguelike/Assets
GfxDevice: creating device client; kGfxThreadingModeNonThreaded
Direct3D:
    Version:  Direct3D 11.0 [level 11.1]
    Renderer: NVIDIA GeForce GTX 1060 6GB (ID=0x1c03)
    Vendor:   NVIDIA
    VRAM:     6043 MB
    Driver:   31.0.15.3623
Initialize mono
Mono path[0] = 'C:/Program Files/Unity/2023.2.17f1/Editor/Data/Managed'
Mono path[1] = 'C:/Program Files/Unity/2023.2.17f1/Editor/Data/MonoBleedingEdge/lib/mono/unityjit-win32'
Mono config path = 'C:/Program Files/Unity/2023.2.17f1/Editor/Data/MonoBleedingEdge/etc'
Using monoOptions --debugger-agent=transport=dt_socket,embedding=1,server=y,suspend=n,address=127.0.0.1:56904
Begin MonoManager ReloadAssembly
C:\build\output\Unity-Technologies\mono\mono\metadata\icall.c:1842:
C:\build\output\Unity-Technologies\mono\mono\metadata\icall.c:1842:
C:\build\output\Unity-Technologies\mono\mono\metadata\icall.c:1842:
C:\build\output\Unity-Technologies\mono\mono\metadata\icall.c:1842:
C:\build\output\Unity-Technologies\mono\mono\metadata\icall.c:1842:
C:\build\output\Unity-Technologies\mono\mono\metadata\icall.c:1842:
C:\build\output\Unity-Technologies\mono\mono\metadata\icall.c:1842:
C:\build\output\Unity-Technologies\mono\mono\metadata\icall.c:1842:
C:\build\output\Unity-Technologies\mono\mono\metadata\icall.c:1842:
C:\build\output\Unity-Technologies\mono\mono\metadata\icall.c:1842:
Registering precompiled unity dll's ...
Register platform support module: C:/Program Files/Unity/2023.2.17f1/Editor/Data/PlaybackEngines/WindowsStandaloneSupport/UnityEditor.WindowsStandalone.Extensions.dll
Registered in 0.012031 seconds.
- Loaded All Assemblies, in  0.769 seconds
Native extension for WindowsStandalone target not found
Mono: successfully reloaded assembly
C:\build\output\Unity-Technologies\mono\mono\metadata\icall.c:1842:
C:\build\output\Unity-Technologies\mono\mono\metadata\icall.c:1842:
- Finished resetting the current domain, in  0.492 seconds
Domain Reload Profiling: 1248ms
	BeginReloadAssembly (267ms)
		ExecutionOrderSort (0ms)
		DisableScriptedObjects (0ms)
		BackupInstance (0ms)
		ReleaseScriptingObjects (0ms)
		CreateAndSetChildDomain (1ms)
	RebuildCommonClasses (69ms)
	RebuildNativeTypeToScriptingClass (30ms)
	initialDomainReloadingComplete (107ms)
	LoadAllAssembliesAndSetupDomain (281ms)
		LoadAssemblies (255ms)
		RebuildTransferFunctionScriptingTraits (0ms)
		AnalyzeDomain (277ms)
			TypeCache.Refresh (275ms)
				TypeCache.ScanAssembly (255ms)
			BuildScriptInfoCaches (0ms)
			ResolveRequiredComponents (1ms)
	FinalizeReload (493ms)
		ReleaseScriptCaches (0ms)
		RebuildScriptCaches (0ms)
		SetupLoadedEditorAssemblies (410ms)
			LogAssemblyErrors (0ms)
			InitializePlatformSupportModulesInManaged (16ms)
			SetLoadedEditorAssemblies (7ms)
			BeforeProcessingInitializeOnLoad (8ms)
			ProcessInitializeOnLoadAttributes (287ms)
			ProcessInitializeOnLoadMethodAttributes (91ms)
			AfterProcessingInitializeOnLoad (0ms)
			EditorAssembliesLoaded (0ms)
		ExecutionOrderSort2 (0ms)
		AwakeInstancesAfterBackupRestoration (0ms)
========================================================================
Worker process is ready to serve import requests
Import Worker Mode flag is 0x00
Begin MonoManager ReloadAssembly
C:\build\output\Unity-Technologies\mono\mono\metadata\icall.c:1842:
C:\build\output\Unity-Technologies\mono\mono\metadata\icall.c:1842:
C:\build\output\Unity-Technologies\mono\mono\metadata\icall.c:1842:
C:\build\output\Unity-Technologies\mono\mono\metadata\icall.c:1842:
C:\build\output\Unity-Technologies\mono\mono\metadata\icall.c:1842:
C:\build\output\Unity-Technologies\mono\mono\metadata\icall.c:1842:
C:\build\output\Unity-Technologies\mono\mono\metadata\icall.c:1842:
C:\build\output\Unity-Technologies\mono\mono\metadata\icall.c:1842:
C:\build\output\Unity-Technologies\mono\mono\metadata\icall.c:1842:
C:\build\output\Unity-Technologies\mono\mono\metadata\icall.c:1842:
C:\build\output\Unity-Technologies\mono\mono\metadata\icall.c:1842:
C:\build\output\Unity-Technologies\mono\mono\metadata\icall.c:1842:
Symbol file LoadedFromMemory doesn't match image B:\UnityProjectSoloStudy\Roguelike\Library\PackageCache\com.unity.visualscripting@1.8.0\Editor\VisualScripting.Core\Dependencies\YamlDotNet\Unity.VisualScripting.YamlDotNet.dll
Symbol file LoadedFromMemory doesn't match image B:\UnityProjectSoloStudy\Roguelike\Library\PackageCache\com.unity.visualscripting@1.8.0\Editor\VisualScripting.Core\Dependencies\DotNetZip\Unity.VisualScripting.IonicZip.dll
- Loaded All Assemblies, in  1.774 seconds
Refreshing native plugins compatible for Editor in 4.96 ms, found 8 plugins.
Native extension for WindowsStandalone target not found
[MODES] ModeService[none].Initialize
[MODES] ModeService[none].LoadModes
[MODES] Loading mode Default (0) for mode-current-id-Roguelike
Mono: successfully reloaded assembly
- Finished resetting the current domain, in  1.136 seconds
Domain Reload Profiling: 2897ms
	BeginReloadAssembly (861ms)
		ExecutionOrderSort (0ms)
		DisableScriptedObjects (9ms)
		BackupInstance (0ms)
		ReleaseScriptingObjects (0ms)
		CreateAndSetChildDomain (48ms)
	RebuildCommonClasses (63ms)
	RebuildNativeTypeToScriptingClass (21ms)
	initialDomainReloadingComplete (78ms)
	LoadAllAssembliesAndSetupDomain (738ms)
		LoadAssemblies (618ms)
		RebuildTransferFunctionScriptingTraits (0ms)
		AnalyzeDomain (331ms)
			TypeCache.Refresh (273ms)
				TypeCache.ScanAssembly (253ms)
			BuildScriptInfoCaches (39ms)
			ResolveRequiredComponents (15ms)
	FinalizeReload (1137ms)
		ReleaseScriptCaches (0ms)
		RebuildScriptCaches (0ms)
		SetupLoadedEditorAssemblies (838ms)
			LogAssemblyErrors (0ms)
			InitializePlatformSupportModulesInManaged (5ms)
			SetLoadedEditorAssemblies (6ms)
			BeforeProcessingInitializeOnLoad (87ms)
			ProcessInitializeOnLoadAttributes (671ms)
			ProcessInitializeOnLoadMethodAttributes (43ms)
			AfterProcessingInitializeOnLoad (26ms)
			EditorAssembliesLoaded (0ms)
		ExecutionOrderSort2 (0ms)
		AwakeInstancesAfterBackupRestoration (17ms)
Launched and connected shader compiler UnityShaderCompiler.exe after 0.02 seconds
Refreshing native plugins compatible for Editor in 6.93 ms, found 8 plugins.
Preloading 0 native plugins for Editor in 0.00 ms.
Unloading 47 Unused Serialized files (Serialized files now loaded: 0)
Unloading 4449 unused Assets / (2.3 MB). Loaded Objects now: 5070.
Memory consumption went from 223.6 MB to 221.3 MB.
Total: 15.416800 ms (FindLiveObjects: 0.796900 ms CreateObjectMapping: 0.563900 ms MarkObjects: 10.187300 ms  DeleteObjects: 3.865900 ms)

========================================================================
Received Import Request.
  Time since last request: 741866.905702 seconds.
  path: Assets/2D Casual UI/Sprite/GUI.png
  artifactKey: Guid(1eaee135ce037439d925cee5e41ce026) Importer(815301076,1909f56bfc062723c751e8b465ee728b)
Start importing Assets/2D Casual UI/Sprite/GUI.png using Guid(1eaee135ce037439d925cee5e41ce026) Importer(815301076,1909f56bfc062723c751e8b465ee728b) (PreviewImporter) -> (artifact id: '5a958b85dbc07c2a68ae9274e7614745') in 0.4503169 seconds
Number of updated asset objects reloaded before import = 0Number of asset objects unloaded after import = 64

========================================================================
Received Import Request.
  Time since last request: 5184.430533 seconds.
  path: Assets/FanyasyStatusIcons/StatusIcons.png
  artifactKey: Guid(080cb6d98b00c2645b2c41df5f69bc78) Importer(815301076,1909f56bfc062723c751e8b465ee728b)
Start importing Assets/FanyasyStatusIcons/StatusIcons.png using Guid(080cb6d98b00c2645b2c41df5f69bc78) Importer(815301076,1909f56bfc062723c751e8b465ee728b) (PreviewImporter) -> (artifact id: 'eb83e9d2e696f21918f7e9bdd5e27ca8') in 0.0765838 seconds
Number of updated asset objects reloaded before import = 0Number of asset objects unloaded after import = 14

========================================================================
Received Prepare
Begin MonoManager ReloadAssembly
C:\build\output\Unity-Technologies\mono\mono\metadata\icall.c:1842:
C:\build\output\Unity-Technologies\mono\mono\metadata\icall.c:1842:
C:\build\output\Unity-Technologies\mono\mono\metadata\icall.c:1842:
C:\build\output\Unity-Technologies\mono\mono\metadata\icall.c:1842:
C:\build\output\Unity-Technologies\mono\mono\metadata\icall.c:1842:
C:\build\output\Unity-Technologies\mono\mono\metadata\icall.c:1842:
C:\build\output\Unity-Technologies\mono\mono\metadata\icall.c:1842:
C:\build\output\Unity-Technologies\mono\mono\metadata\icall.c:1842:
C:\build\output\Unity-Technologies\mono\mono\metadata\icall.c:1842:
C:\build\output\Unity-Technologies\mono\mono\metadata\icall.c:1842:
C:\build\output\Unity-Technologies\mono\mono\metadata\icall.c:1842:
C:\build\output\Unity-Technologies\mono\mono\metadata\icall.c:1842:
Symbol file LoadedFromMemory doesn't match image B:\UnityProjectSoloStudy\Roguelike\Library\PackageCache\com.unity.visualscripting@1.8.0\Editor\VisualScripting.Core\Dependencies\YamlDotNet\Unity.VisualScripting.YamlDotNet.dll
Symbol file LoadedFromMemory doesn't match image B:\UnityProjectSoloStudy\Roguelike\Library\PackageCache\com.unity.visualscripting@1.8.0\Editor\VisualScripting.Core\Dependencies\DotNetZip\Unity.VisualScripting.IonicZip.dll
- Loaded All Assemblies, in  1.863 seconds
Refreshing native plugins compatible for Editor in 9.19 ms, found 9 plugins.
Native extension for WindowsStandalone target not found
[MODES] ModeService[none].Initialize
[MODES] ModeService[none].LoadModes
[MODES] Loading mode Default (0) for mode-current-id-Roguelike
Mono: successfully reloaded assembly
- Finished resetting the current domain, in  1.473 seconds
Domain Reload Profiling: 3317ms
	BeginReloadAssembly (449ms)
		ExecutionOrderSort (0ms)
		DisableScriptedObjects (13ms)
		BackupInstance (0ms)
		ReleaseScriptingObjects (0ms)
		CreateAndSetChildDomain (91ms)
	RebuildCommonClasses (86ms)
	RebuildNativeTypeToScriptingClass (29ms)
	initialDomainReloadingComplete (82ms)
	LoadAllAssembliesAndSetupDomain (1198ms)
		LoadAssemblies (1013ms)
		RebuildTransferFunctionScriptingTraits (0ms)
		AnalyzeDomain (452ms)
			TypeCache.Refresh (190ms)
				TypeCache.ScanAssembly (169ms)
			BuildScriptInfoCaches (229ms)
			ResolveRequiredComponents (29ms)
	FinalizeReload (1474ms)
		ReleaseScriptCaches (0ms)
		RebuildScriptCaches (0ms)
		SetupLoadedEditorAssemblies (1079ms)
			LogAssemblyErrors (0ms)
			InitializePlatformSupportModulesInManaged (4ms)
			SetLoadedEditorAssemblies (7ms)
			BeforeProcessingInitializeOnLoad (119ms)
			ProcessInitializeOnLoadAttributes (845ms)
			ProcessInitializeOnLoadMethodAttributes (71ms)
			AfterProcessingInitializeOnLoad (32ms)
			EditorAssembliesLoaded (1ms)
		ExecutionOrderSort2 (0ms)
		AwakeInstancesAfterBackupRestoration (24ms)
Refreshing native plugins compatible for Editor in 7.67 ms, found 9 plugins.
Preloading 0 native plugins for Editor in 0.00 ms.
Unloading 9 Unused Serialized files (Serialized files now loaded: 0)
Unloading 4930 unused Assets / (2.7 MB). Loaded Objects now: 5665.
Memory consumption went from 220.6 MB to 217.9 MB.
Total: 12.121600 ms (FindLiveObjects: 0.849200 ms CreateObjectMapping: 0.735100 ms MarkObjects: 7.318700 ms  DeleteObjects: 3.216800 ms)

Prepare: number of updated asset objects reloaded= 0
========================================================================
Received Import Request.
  Time since last request: 631.650316 seconds.
  path: Assets/Sweet Land GUI/Scenes
  artifactKey: Guid(8a7c6d6661b97bb4098161eac23ca40f) Importer(815301076,1909f56bfc062723c751e8b465ee728b)
Start importing Assets/Sweet Land GUI/Scenes using Guid(8a7c6d6661b97bb4098161eac23ca40f) Importer(815301076,1909f56bfc062723c751e8b465ee728b) (PreviewImporter) -> (artifact id: '15fbe3fac20cd9e46959fec53beb2348') in 0.0070207 seconds
Number of updated asset objects reloaded before import = 0Number of asset objects unloaded after import = 0

========================================================================
Received Import Request.
  Time since last request: 1.641836 seconds.
  path: Assets/Sweet Land GUI/Scenes/Windows.unity
  artifactKey: Guid(0f4919d449a6ecb4497b7a25dd4fcba4) Importer(815301076,1909f56bfc062723c751e8b465ee728b)
Start importing Assets/Sweet Land GUI/Scenes/Windows.unity using Guid(0f4919d449a6ecb4497b7a25dd4fcba4) Importer(815301076,1909f56bfc062723c751e8b465ee728b) (PreviewImporter) -> (artifact id: 'd241a9ca11c2e1ea0c92d3ecf4f4189b') in 0.0010262 seconds
Number of updated asset objects reloaded before import = 0Number of asset objects unloaded after import = 0

========================================================================
Received Prepare
Begin MonoManager ReloadAssembly
C:\build\output\Unity-Technologies\mono\mono\metadata\icall.c:1842:
C:\build\output\Unity-Technologies\mono\mono\metadata\icall.c:1842:
C:\build\output\Unity-Technologies\mono\mono\metadata\icall.c:1842:
C:\build\output\Unity-Technologies\mono\mono\metadata\icall.c:1842:
C:\build\output\Unity-Technologies\mono\mono\metadata\icall.c:1842:
C:\build\output\Unity-Technologies\mono\mono\metadata\icall.c:1842:
C:\build\output\Unity-Technologies\mono\mono\metadata\icall.c:1842:
C:\build\output\Unity-Technologies\mono\mono\metadata\icall.c:1842:
C:\build\output\Unity-Technologies\mono\mono\metadata\icall.c:1842:
C:\build\output\Unity-Technologies\mono\mono\metadata\icall.c:1842:
C:\build\output\Unity-Technologies\mono\mono\metadata\icall.c:1842:
C:\build\output\Unity-Technologies\mono\mono\metadata\icall.c:1842:
Symbol file LoadedFromMemory doesn't match image B:\UnityProjectSoloStudy\Roguelike\Library\PackageCache\com.unity.visualscripting@1.8.0\Editor\VisualScripting.Core\Dependencies\YamlDotNet\Unity.VisualScripting.YamlDotNet.dll
Symbol file LoadedFromMemory doesn't match image B:\UnityProjectSoloStudy\Roguelike\Library\PackageCache\com.unity.visualscripting@1.8.0\Editor\VisualScripting.Core\Dependencies\DotNetZip\Unity.VisualScripting.IonicZip.dll
- Loaded All Assemblies, in  1.272 seconds
Refreshing native plugins compatible for Editor in 8.35 ms, found 9 plugins.
Native extension for WindowsStandalone target not found
Error saving file Library/StateCache/LayerSettings/9e/9ecc5c3c162a7aba29bafa64c8b94b7c.json. Error: System.IO.IOException: Sharing violation on path B:\UnityProjectSoloStudy\Roguelike\Library\StateCache\LayerSettings\9e\9ecc5c3c162a7aba29bafa64c8b94b7c.json
  at System.IO.FileStream..ctor (System.String path, System.IO.FileMode mode, System.IO.FileAccess access, System.IO.FileShare share, System.Int32 bufferSize, System.Boolean anonymous, System.IO.FileOptions options) [0x0019e] in <f843d796055e4deaa447e7ba073cff5f>:0 
  at System.IO.FileStream..ctor (System.String path, System.IO.FileMode mode, System.IO.FileAccess access, System.IO.FileShare share, System.Int32 bufferSize, System.IO.FileOptions options) [0x00000] in <f843d796055e4deaa447e7ba073cff5f>:0 
  at (wrapper remoting-invoke-with-check) System.IO.FileStream..ctor(string,System.IO.FileMode,System.IO.FileAccess,System.IO.FileShare,int,System.IO.FileOptions)
  at System.IO.StreamWriter..ctor (System.String path, System.Boolean append, System.Text.Encoding encoding, System.Int32 bufferSize) [0x00055] in <f843d796055e4deaa447e7ba073cff5f>:0 
  at System.IO.StreamWriter..ctor (System.String path, System.Boolean append, System.Text.Encoding encoding) [0x00000] in <f843d796055e4deaa447e7ba073cff5f>:0 
  at (wrapper remoting-invoke-with-check) System.IO.StreamWriter..ctor(string,bool,System.Text.Encoding)
  at System.IO.File.WriteAllText (System.String path, System.String contents, System.Text.Encoding encoding) [0x00034] in <f843d796055e4deaa447e7ba073cff5f>:0 
  at UnityEditor.StateCache`1[T].SetState (UnityEngine.Hash128 key, T obj) [0x0004b] in <15587dbd131e4cb2b119357faab2385a>:0 
UnityEngine.Debug:ExtractStackTraceNoAlloc (byte*,int,string)
UnityEngine.StackTraceUtility:ExtractStackTrace ()
UnityEngine.DebugLogHandler:Internal_Log (UnityEngine.LogType,UnityEngine.LogOption,string,UnityEngine.Object)
UnityEngine.DebugLogHandler:LogFormat (UnityEngine.LogType,UnityEngine.Object,string,object[])
UnityEngine.Logger:Log (UnityEngine.LogType,object)
UnityEngine.Debug:LogError (object)
UnityEditor.StateCache`1<UnityEditor.Tools/LayerSettings>:SetState (UnityEngine.Hash128,UnityEditor.Tools/LayerSettings)
UnityEditor.Tools:set_lockedLayers (int)
UnityEditor.Tools:OnEnable ()
UnityEngine.ScriptableObject:CreateScriptableObjectInstanceFromType (System.Type,bool)
UnityEngine.ScriptableObject:CreateInstance (System.Type)
UnityEngine.ScriptableObject:CreateInstance<UnityEditor.Tools> ()
UnityEditor.Tools:get_get ()
UnityEditor.Tools:get_visibleLayers ()
UnityEditor.Animations.Rigging.BoneRendererUtils:.cctor () (at ./Library/PackageCache/com.unity.animation.rigging@1.3.0/Editor/Utils/BoneRendererUtils.cs:121)
System.Runtime.CompilerServices.RuntimeHelpers:RunClassConstructor (System.RuntimeTypeHandle)
UnityEditor.EditorAssemblies:ProcessInitializeOnLoadAttributes (System.Type[])

(Filename: ./Library/PackageCache/com.unity.animation.rigging@1.3.0/Editor/Utils/BoneRendererUtils.cs Line: 121)

[MODES] ModeService[none].Initialize
[MODES] ModeService[none].LoadModes
[MODES] Loading mode Default (0) for mode-current-id-Roguelike
Mono: successfully reloaded assembly
- Finished resetting the current domain, in  1.138 seconds
Domain Reload Profiling: 2399ms
	BeginReloadAssembly (377ms)
		ExecutionOrderSort (0ms)
		DisableScriptedObjects (20ms)
		BackupInstance (0ms)
		ReleaseScriptingObjects (0ms)
		CreateAndSetChildDomain (69ms)
	RebuildCommonClasses (60ms)
	RebuildNativeTypeToScriptingClass (22ms)
	initialDomainReloadingComplete (63ms)
	LoadAllAssembliesAndSetupDomain (738ms)
		LoadAssemblies (689ms)
		RebuildTransferFunctionScriptingTraits (0ms)
		AnalyzeDomain (275ms)
			TypeCache.Refresh (8ms)
				TypeCache.ScanAssembly (0ms)
			BuildScriptInfoCaches (246ms)
			ResolveRequiredComponents (17ms)
	FinalizeReload (1138ms)
		ReleaseScriptCaches (0ms)
		RebuildScriptCaches (0ms)
		SetupLoadedEditorAssemblies (790ms)
			LogAssemblyErrors (0ms)
			InitializePlatformSupportModulesInManaged (4ms)
			SetLoadedEditorAssemblies (8ms)
			BeforeProcessingInitializeOnLoad (111ms)
			ProcessInitializeOnLoadAttributes (600ms)
			ProcessInitializeOnLoadMethodAttributes (42ms)
			AfterProcessingInitializeOnLoad (25ms)
			EditorAssembliesLoaded (1ms)
		ExecutionOrderSort2 (0ms)
		AwakeInstancesAfterBackupRestoration (27ms)
Refreshing native plugins compatible for Editor in 7.56 ms, found 9 plugins.
Preloading 0 native plugins for Editor in 0.00 ms.
Unloading 9 Unused Serialized files (Serialized files now loaded: 0)
Unloading 4930 unused Assets / (2.9 MB). Loaded Objects now: 5667.
Memory consumption went from 222.8 MB to 219.9 MB.
Total: 10.537600 ms (FindLiveObjects: 0.888300 ms CreateObjectMapping: 0.518900 ms MarkObjects: 6.491100 ms  DeleteObjects: 2.637200 ms)

Prepare: number of updated asset objects reloaded= 0
========================================================================
Received Prepare
Begin MonoManager ReloadAssembly
C:\build\output\Unity-Technologies\mono\mono\metadata\icall.c:1842:
C:\build\output\Unity-Technologies\mono\mono\metadata\icall.c:1842:
C:\build\output\Unity-Technologies\mono\mono\metadata\icall.c:1842:
C:\build\output\Unity-Technologies\mono\mono\metadata\icall.c:1842:
C:\build\output\Unity-Technologies\mono\mono\metadata\icall.c:1842:
C:\build\output\Unity-Technologies\mono\mono\metadata\icall.c:1842:
C:\build\output\Unity-Technologies\mono\mono\metadata\icall.c:1842:
C:\build\output\Unity-Technologies\mono\mono\metadata\icall.c:1842:
C:\build\output\Unity-Technologies\mono\mono\metadata\icall.c:1842:
C:\build\output\Unity-Technologies\mono\mono\metadata\icall.c:1842:
C:\build\output\Unity-Technologies\mono\mono\metadata\icall.c:1842:
C:\build\output\Unity-Technologies\mono\mono\metadata\icall.c:1842:
Symbol file LoadedFromMemory doesn't match image B:\UnityProjectSoloStudy\Roguelike\Library\PackageCache\com.unity.visualscripting@1.8.0\Editor\VisualScripting.Core\Dependencies\YamlDotNet\Unity.VisualScripting.YamlDotNet.dll
Symbol file LoadedFromMemory doesn't match image B:\UnityProjectSoloStudy\Roguelike\Library\PackageCache\com.unity.visualscripting@1.8.0\Editor\VisualScripting.Core\Dependencies\DotNetZip\Unity.VisualScripting.IonicZip.dll
- Loaded All Assemblies, in  1.251 seconds
Refreshing native plugins compatible for Editor in 8.46 ms, found 9 plugins.
Native extension for WindowsStandalone target not found
[MODES] ModeService[none].Initialize
[MODES] ModeService[none].LoadModes
[MODES] Loading mode Default (0) for mode-current-id-Roguelike
Mono: successfully reloaded assembly
- Finished resetting the current domain, in  1.083 seconds
Domain Reload Profiling: 2322ms
	BeginReloadAssembly (358ms)
		ExecutionOrderSort (0ms)
		DisableScriptedObjects (19ms)
		BackupInstance (0ms)
		ReleaseScriptingObjects (0ms)
		CreateAndSetChildDomain (58ms)
	RebuildCommonClasses (63ms)
	RebuildNativeTypeToScriptingClass (22ms)
	initialDomainReloadingComplete (61ms)
	LoadAllAssembliesAndSetupDomain (735ms)
		LoadAssemblies (684ms)
		RebuildTransferFunctionScriptingTraits (0ms)
		AnalyzeDomain (270ms)
			TypeCache.Refresh (8ms)
				TypeCache.ScanAssembly (0ms)
			BuildScriptInfoCaches (242ms)
			ResolveRequiredComponents (16ms)
	FinalizeReload (1083ms)
		ReleaseScriptCaches (0ms)
		RebuildScriptCaches (0ms)
		SetupLoadedEditorAssemblies (755ms)
			LogAssemblyErrors (0ms)
			InitializePlatformSupportModulesInManaged (4ms)
			SetLoadedEditorAssemblies (6ms)
			BeforeProcessingInitializeOnLoad (104ms)
			ProcessInitializeOnLoadAttributes (576ms)
			ProcessInitializeOnLoadMethodAttributes (41ms)
			AfterProcessingInitializeOnLoad (23ms)
			EditorAssembliesLoaded (0ms)
		ExecutionOrderSort2 (0ms)
		AwakeInstancesAfterBackupRestoration (23ms)
Refreshing native plugins compatible for Editor in 7.62 ms, found 9 plugins.
Preloading 0 native plugins for Editor in 0.00 ms.
Unloading 9 Unused Serialized files (Serialized files now loaded: 0)
Unloading 4930 unused Assets / (3.1 MB). Loaded Objects now: 5668.
Memory consumption went from 224.8 MB to 221.7 MB.
Total: 12.005700 ms (FindLiveObjects: 0.856300 ms CreateObjectMapping: 0.484000 ms MarkObjects: 7.645300 ms  DeleteObjects: 3.018300 ms)

Prepare: number of updated asset objects reloaded= 0
========================================================================
Received Import Request.
  Time since last request: 61.754434 seconds.
  path: Assets/simple UI & icons/icons
  artifactKey: Guid(661dd85b721de6c48aa5169c83beebf6) Importer(815301076,1909f56bfc062723c751e8b465ee728b)
Start importing Assets/simple UI & icons/icons using Guid(661dd85b721de6c48aa5169c83beebf6) Importer(815301076,1909f56bfc062723c751e8b465ee728b) (PreviewImporter) -> (artifact id: '5f6ed4731f6ec01e00f6b546d4b2af28') in 0.0112647 seconds
Number of updated asset objects reloaded before import = 0Number of asset objects unloaded after import = 0

========================================================================
Received Import Request.
  Time since last request: 8.566875 seconds.
  path: Assets/Scenes/Test/Environment_Free.unity
  artifactKey: Guid(5add13d7736efbf4b8ad3dcde14c0b84) Importer(815301076,1909f56bfc062723c751e8b465ee728b)
Start importing Assets/Scenes/Test/Environment_Free.unity using Guid(5add13d7736efbf4b8ad3dcde14c0b84) Importer(815301076,1909f56bfc062723c751e8b465ee728b) (PreviewImporter) -> (artifact id: 'ac2040aecc4a4824f731e3bf7964c69b') in 0.0006829 seconds
Number of updated asset objects reloaded before import = 0Number of asset objects unloaded after import = 0

========================================================================
Received Import Request.
  Time since last request: 28.162454 seconds.
  path: Assets/Sweet Land GUI/Sprites/Frames/250px/Frame_Square_Pink_250px.png
  artifactKey: Guid(14a7e7425d330ec4ba6cf3dbdc0c36f2) Importer(815301076,1909f56bfc062723c751e8b465ee728b)
Start importing Assets/Sweet Land GUI/Sprites/Frames/250px/Frame_Square_Pink_250px.png using Guid(14a7e7425d330ec4ba6cf3dbdc0c36f2) Importer(815301076,1909f56bfc062723c751e8b465ee728b) (PreviewImporter) -> (artifact id: '58bd0eb90827abcfb5b897d1f2cae991') in 0.1164359 seconds
Number of updated asset objects reloaded before import = 0Number of asset objects unloaded after import = 3

========================================================================
Received Import Request.
  Time since last request: 0.000031 seconds.
  path: Assets/Sweet Land GUI/Sprites/Frames/250px/Frame_Square_White_250px.png
  artifactKey: Guid(086b56c038a639a49ae469fbc85d6a7b) Importer(815301076,1909f56bfc062723c751e8b465ee728b)
Start importing Assets/Sweet Land GUI/Sprites/Frames/250px/Frame_Square_White_250px.png using Guid(086b56c038a639a49ae469fbc85d6a7b) Importer(815301076,1909f56bfc062723c751e8b465ee728b) (PreviewImporter) -> (artifact id: 'b696f8dcf69ffe76f2a7593721922b5f') in 0.0141716 seconds
Number of updated asset objects reloaded before import = 0Number of asset objects unloaded after import = 3

========================================================================
Received Import Request.
  Time since last request: 0.000027 seconds.
  path: Assets/Sweet Land GUI/Sprites/Frames/250px/Frame_Trapezoid_White_250px.png
  artifactKey: Guid(ded19d0d721dc40429acf3d21af699e6) Importer(815301076,1909f56bfc062723c751e8b465ee728b)
Start importing Assets/Sweet Land GUI/Sprites/Frames/250px/Frame_Trapezoid_White_250px.png using Guid(ded19d0d721dc40429acf3d21af699e6) Importer(815301076,1909f56bfc062723c751e8b465ee728b) (PreviewImporter) -> (artifact id: '6b44fd59cfc9f2f7df1900d00e1c7dbc') in 0.0148221 seconds
Number of updated asset objects reloaded before import = 0Number of asset objects unloaded after import = 3

========================================================================
Received Import Request.
  Time since last request: 0.000026 seconds.
  path: Assets/Sweet Land GUI/Sprites/Frames/60px/Frame_Square_White_60px.png
  artifactKey: Guid(2fb165919b2cf6e448380a015dbbd833) Importer(815301076,1909f56bfc062723c751e8b465ee728b)
Start importing Assets/Sweet Land GUI/Sprites/Frames/60px/Frame_Square_White_60px.png using Guid(2fb165919b2cf6e448380a015dbbd833) Importer(815301076,1909f56bfc062723c751e8b465ee728b) (PreviewImporter) -> (artifact id: 'd3debed2521afe1f39d9cf9ee5b38a37') in 0.0124823 seconds
Number of updated asset objects reloaded before import = 0Number of asset objects unloaded after import = 3

========================================================================
Received Import Request.
  Time since last request: 0.000046 seconds.
  path: Assets/Sweet Land GUI/Sprites/Frames/60px/Frame_Trapezoid_White_60px.png
  artifactKey: Guid(df0117b8586d8bd4d99889f1557aed5d) Importer(815301076,1909f56bfc062723c751e8b465ee728b)
Start importing Assets/Sweet Land GUI/Sprites/Frames/60px/Frame_Trapezoid_White_60px.png using Guid(df0117b8586d8bd4d99889f1557aed5d) Importer(815301076,1909f56bfc062723c751e8b465ee728b) (PreviewImporter) -> (artifact id: 'bb1e90c216af2abe64d0aa2b177362bf') in 0.013429 seconds
Number of updated asset objects reloaded before import = 0Number of asset objects unloaded after import = 3

========================================================================
Received Import Request.
  Time since last request: 0.000022 seconds.
  path: Assets/Sweet Land GUI/Sprites/Frames/60px/Frame_Trapezoid_Red_60px.png
  artifactKey: Guid(d410096a4fb2e334c867cf09203cdcc6) Importer(815301076,1909f56bfc062723c751e8b465ee728b)
Start importing Assets/Sweet Land GUI/Sprites/Frames/60px/Frame_Trapezoid_Red_60px.png using Guid(d410096a4fb2e334c867cf09203cdcc6) Importer(815301076,1909f56bfc062723c751e8b465ee728b) (PreviewImporter) -> (artifact id: '286b5a5f99405ae40d876a8867b25701') in 0.0116184 seconds
Number of updated asset objects reloaded before import = 0Number of asset objects unloaded after import = 3

========================================================================
Received Import Request.
  Time since last request: 0.000027 seconds.
  path: Assets/Sweet Land GUI/Sprites/Frames/250px/Frame_Trapezoid_Red_250px.png
  artifactKey: Guid(9d0594258f89c2947938d0c1268081c6) Importer(815301076,1909f56bfc062723c751e8b465ee728b)
Start importing Assets/Sweet Land GUI/Sprites/Frames/250px/Frame_Trapezoid_Red_250px.png using Guid(9d0594258f89c2947938d0c1268081c6) Importer(815301076,1909f56bfc062723c751e8b465ee728b) (PreviewImporter) -> (artifact id: 'c7681dedcea9a4fc0473c46a72ea56fc') in 0.0134437 seconds
Number of updated asset objects reloaded before import = 0Number of asset objects unloaded after import = 3

========================================================================
Received Import Request.
  Time since last request: 0.000030 seconds.
  path: Assets/Sweet Land GUI/Sprites/Frames/250px/Frame_Square_Yellow_250px.png
  artifactKey: Guid(4eade859acaaaa64aa5d5e2fc5867f16) Importer(815301076,1909f56bfc062723c751e8b465ee728b)
Start importing Assets/Sweet Land GUI/Sprites/Frames/250px/Frame_Square_Yellow_250px.png using Guid(4eade859acaaaa64aa5d5e2fc5867f16) Importer(815301076,1909f56bfc062723c751e8b465ee728b) (PreviewImporter) -> (artifact id: '60c17f1429fa9217e4ce9dc4c90ed836') in 0.0121767 seconds
Number of updated asset objects reloaded before import = 0Number of asset objects unloaded after import = 3

========================================================================
Received Import Request.
  Time since last request: 0.000039 seconds.
  path: Assets/Sweet Land GUI/Sprites/Frames/60px/Frame_Trapezoid_Honey_60px.png
  artifactKey: Guid(5a913210048a08c4ea6edee5c4cc7eda) Importer(815301076,1909f56bfc062723c751e8b465ee728b)
Start importing Assets/Sweet Land GUI/Sprites/Frames/60px/Frame_Trapezoid_Honey_60px.png using Guid(5a913210048a08c4ea6edee5c4cc7eda) Importer(815301076,1909f56bfc062723c751e8b465ee728b) (PreviewImporter) -> (artifact id: '1d08d26d22f7aa0ca872f743c4c1f95f') in 0.0113345 seconds
Number of updated asset objects reloaded before import = 0Number of asset objects unloaded after import = 3

========================================================================
Received Import Request.
  Time since last request: 0.000028 seconds.
  path: Assets/2D Casual UI/Sprite/GUI.png
  artifactKey: Guid(1eaee135ce037439d925cee5e41ce026) Importer(815301076,1909f56bfc062723c751e8b465ee728b)
Start importing Assets/2D Casual UI/Sprite/GUI.png using Guid(1eaee135ce037439d925cee5e41ce026) Importer(815301076,1909f56bfc062723c751e8b465ee728b) (PreviewImporter) -> (artifact id: '966ea071df36e1fa4a1550095003583c') in 0.2478428 seconds
Number of updated asset objects reloaded before import = 0Number of asset objects unloaded after import = 64

========================================================================
Received Import Request.
  Time since last request: 2.424680 seconds.
  path: Assets/Sweet Land GUI/Sprites/Frames/250px/Frame_Honeycomb_Red_250px.png
  artifactKey: Guid(6b92f7abaa90ca04d8a45f863352c7eb) Importer(815301076,1909f56bfc062723c751e8b465ee728b)
Start importing Assets/Sweet Land GUI/Sprites/Frames/250px/Frame_Honeycomb_Red_250px.png using Guid(6b92f7abaa90ca04d8a45f863352c7eb) Importer(815301076,1909f56bfc062723c751e8b465ee728b) (PreviewImporter) -> (artifact id: 'e91a6fe5acb174630c12afb1d515a837') in 0.0164128 seconds
Number of updated asset objects reloaded before import = 0Number of asset objects unloaded after import = 3

========================================================================
Received Import Request.
  Time since last request: 0.000024 seconds.
  path: Assets/Sweet Land GUI/Sprites/Frames/60px/Frame_Honeycomb_Yellow_60px.png
  artifactKey: Guid(d2ba881f195812d4da22ac8228b6833b) Importer(815301076,1909f56bfc062723c751e8b465ee728b)
Start importing Assets/Sweet Land GUI/Sprites/Frames/60px/Frame_Honeycomb_Yellow_60px.png using Guid(d2ba881f195812d4da22ac8228b6833b) Importer(815301076,1909f56bfc062723c751e8b465ee728b) (PreviewImporter) -> (artifact id: 'f0db9cd3c519885eb41f207e579e08a1') in 0.0173956 seconds
Number of updated asset objects reloaded before import = 0Number of asset objects unloaded after import = 3

========================================================================
Received Import Request.
  Time since last request: 0.000032 seconds.
  path: Assets/Sweet Land GUI/Sprites/Frames/60px/Frame_Square_Honey_60px.png
  artifactKey: Guid(dcaf2d9d3d4833547859cf4dad96fca7) Importer(815301076,1909f56bfc062723c751e8b465ee728b)
Start importing Assets/Sweet Land GUI/Sprites/Frames/60px/Frame_Square_Honey_60px.png using Guid(dcaf2d9d3d4833547859cf4dad96fca7) Importer(815301076,1909f56bfc062723c751e8b465ee728b) (PreviewImporter) -> (artifact id: '753c4179b2a1e4aa678f92c733d6d435') in 0.0119526 seconds
Number of updated asset objects reloaded before import = 0Number of asset objects unloaded after import = 3

========================================================================
Received Import Request.
  Time since last request: 0.000054 seconds.
  path: Assets/Sweet Land GUI/Sprites/Frames/60px/Frame_Square_Orange_60px.png
  artifactKey: Guid(91c256e5331d8c641a963058e2241823) Importer(815301076,1909f56bfc062723c751e8b465ee728b)
Start importing Assets/Sweet Land GUI/Sprites/Frames/60px/Frame_Square_Orange_60px.png using Guid(91c256e5331d8c641a963058e2241823) Importer(815301076,1909f56bfc062723c751e8b465ee728b) (PreviewImporter) -> (artifact id: '80210b22a0e979e5a8b410a844cc5b0e') in 0.0146309 seconds
Number of updated asset objects reloaded before import = 0Number of asset objects unloaded after import = 3

========================================================================
Received Import Request.
  Time since last request: 0.000025 seconds.
  path: Assets/Sweet Land GUI/Sprites/Frames/250px/Frame_Honeycomb_Yellow_250px.png
  artifactKey: Guid(51a95fff67727ce41b9be896fa77c2fc) Importer(815301076,1909f56bfc062723c751e8b465ee728b)
Start importing Assets/Sweet Land GUI/Sprites/Frames/250px/Frame_Honeycomb_Yellow_250px.png using Guid(51a95fff67727ce41b9be896fa77c2fc) Importer(815301076,1909f56bfc062723c751e8b465ee728b) (PreviewImporter) -> (artifact id: 'cca06e8ea5d6af14534f164337aec443') in 0.016341 seconds
Number of updated asset objects reloaded before import = 0Number of asset objects unloaded after import = 3

========================================================================
Received Import Request.
  Time since last request: 0.122475 seconds.
  path: Assets/Sweet Land GUI/Sprites/Frames/250px/Frame_Circle_White_250px.png
  artifactKey: Guid(c2fa0ca711f9a344f9b4e1a3ac38b336) Importer(815301076,1909f56bfc062723c751e8b465ee728b)
Start importing Assets/Sweet Land GUI/Sprites/Frames/250px/Frame_Circle_White_250px.png using Guid(c2fa0ca711f9a344f9b4e1a3ac38b336) Importer(815301076,1909f56bfc062723c751e8b465ee728b) (PreviewImporter) -> (artifact id: '6cff2d2b0e33995a659ca31a9ba20dac') in 0.0135086 seconds
Number of updated asset objects reloaded before import = 0Number of asset objects unloaded after import = 3

========================================================================
Received Import Request.
  Time since last request: 0.000020 seconds.
  path: Assets/Sweet Land GUI/Sprites/Frames/250px/Frame_Honeycomb_Orange_250px.png
  artifactKey: Guid(fe8949392d87a5a489141cdc445ad5ca) Importer(815301076,1909f56bfc062723c751e8b465ee728b)
Start importing Assets/Sweet Land GUI/Sprites/Frames/250px/Frame_Honeycomb_Orange_250px.png using Guid(fe8949392d87a5a489141cdc445ad5ca) Importer(815301076,1909f56bfc062723c751e8b465ee728b) (PreviewImporter) -> (artifact id: 'e1edb968b652f64d3a052f5632c12b8e') in 0.013184 seconds
Number of updated asset objects reloaded before import = 0Number of asset objects unloaded after import = 3

========================================================================
Received Import Request.
  Time since last request: 0.000024 seconds.
  path: Assets/Sweet Land GUI/Sprites/Frames/250px/Frame_Honeycomb_Honey_250px.png
  artifactKey: Guid(4ccb9f941a6f9d3448dcf3f54c11f432) Importer(815301076,1909f56bfc062723c751e8b465ee728b)
Start importing Assets/Sweet Land GUI/Sprites/Frames/250px/Frame_Honeycomb_Honey_250px.png using Guid(4ccb9f941a6f9d3448dcf3f54c11f432) Importer(815301076,1909f56bfc062723c751e8b465ee728b) (PreviewImporter) -> (artifact id: '67f8e20ff9147d34cc8cac20abbbd7be') in 0.0150796 seconds
Number of updated asset objects reloaded before import = 0Number of asset objects unloaded after import = 3

========================================================================
Received Import Request.
  Time since last request: 0.000033 seconds.
  path: Assets/Sweet Land GUI/Sprites/Frames/60px/Frame_Honeycomb_Orange_60px.png
  artifactKey: Guid(46737c66ee5725d4e9067f6370051b21) Importer(815301076,1909f56bfc062723c751e8b465ee728b)
Start importing Assets/Sweet Land GUI/Sprites/Frames/60px/Frame_Honeycomb_Orange_60px.png using Guid(46737c66ee5725d4e9067f6370051b21) Importer(815301076,1909f56bfc062723c751e8b465ee728b) (PreviewImporter) -> (artifact id: 'd1f6f648c0f367719cb14f7138aa437d') in 0.0192387 seconds
Number of updated asset objects reloaded before import = 0Number of asset objects unloaded after import = 3

========================================================================
Received Import Request.
  Time since last request: 0.000036 seconds.
  path: Assets/Sweet Land GUI/Sprites/Frames/60px/Frame_Honeycomb_Honey_60px.png
  artifactKey: Guid(7d99b95a3ebe8e44988593abb169523e) Importer(815301076,1909f56bfc062723c751e8b465ee728b)
Start importing Assets/Sweet Land GUI/Sprites/Frames/60px/Frame_Honeycomb_Honey_60px.png using Guid(7d99b95a3ebe8e44988593abb169523e) Importer(815301076,1909f56bfc062723c751e8b465ee728b) (PreviewImporter) -> (artifact id: '92f28a082743269e9e439825f31d0cdf') in 0.0117 seconds
Number of updated asset objects reloaded before import = 0Number of asset objects unloaded after import = 3

========================================================================
Received Import Request.
  Time since last request: 2.289096 seconds.
  path: Assets/Sweet Land GUI/Sprites/Frames/250px/Frame_Border_Yellow_250px.png
  artifactKey: Guid(ec1a6f32bb83ae540accc9f5a76436f2) Importer(815301076,1909f56bfc062723c751e8b465ee728b)
Start importing Assets/Sweet Land GUI/Sprites/Frames/250px/Frame_Border_Yellow_250px.png using Guid(ec1a6f32bb83ae540accc9f5a76436f2) Importer(815301076,1909f56bfc062723c751e8b465ee728b) (PreviewImporter) -> (artifact id: '3357ed4e9cb227f374c18744f8f2f5db') in 0.0129122 seconds
Number of updated asset objects reloaded before import = 0Number of asset objects unloaded after import = 3

========================================================================
Received Import Request.
  Time since last request: 0.000027 seconds.
  path: Assets/Sweet Land GUI/Sprites/Frames/250px/Frame_Circle_Red_250px.png
  artifactKey: Guid(271cc170caa51d7469f91eeb6dfa82aa) Importer(815301076,1909f56bfc062723c751e8b465ee728b)
Start importing Assets/Sweet Land GUI/Sprites/Frames/250px/Frame_Circle_Red_250px.png using Guid(271cc170caa51d7469f91eeb6dfa82aa) Importer(815301076,1909f56bfc062723c751e8b465ee728b) (PreviewImporter) -> (artifact id: '60fd4f4039c18e89340c515ad4d877e6') in 0.0154445 seconds
Number of updated asset objects reloaded before import = 0Number of asset objects unloaded after import = 3

========================================================================
Received Import Request.
  Time since last request: 0.000027 seconds.
  path: Assets/Sweet Land GUI/Sprites/Frames/60px/Frame_Circle_White_60px.png
  artifactKey: Guid(9a3c447c34872c74aadc736bd1fad77b) Importer(815301076,1909f56bfc062723c751e8b465ee728b)
Start importing Assets/Sweet Land GUI/Sprites/Frames/60px/Frame_Circle_White_60px.png using Guid(9a3c447c34872c74aadc736bd1fad77b) Importer(815301076,1909f56bfc062723c751e8b465ee728b) (PreviewImporter) -> (artifact id: 'e68f98527502513312d98374191ccb5c') in 0.0141439 seconds
Number of updated asset objects reloaded before import = 0Number of asset objects unloaded after import = 3

========================================================================
Received Import Request.
  Time since last request: 0.000023 seconds.
  path: Assets/Sweet Land GUI/Sprites/Frames/60px/Frame_Circle_Orange_60px.png
  artifactKey: Guid(8f81e352d4770ad4fb38ba2f39ff2062) Importer(815301076,1909f56bfc062723c751e8b465ee728b)
Start importing Assets/Sweet Land GUI/Sprites/Frames/60px/Frame_Circle_Orange_60px.png using Guid(8f81e352d4770ad4fb38ba2f39ff2062) Importer(815301076,1909f56bfc062723c751e8b465ee728b) (PreviewImporter) -> (artifact id: '5deda2b40741d2f6fce619110f964154') in 0.0117413 seconds
Number of updated asset objects reloaded before import = 0Number of asset objects unloaded after import = 3

========================================================================
Received Import Request.
  Time since last request: 0.000028 seconds.
  path: Assets/Sweet Land GUI/Sprites/Frames/250px/Frame_Circle_Pink_250px.png
  artifactKey: Guid(7e688a3be1a2b6646b105ae94c99a284) Importer(815301076,1909f56bfc062723c751e8b465ee728b)
Start importing Assets/Sweet Land GUI/Sprites/Frames/250px/Frame_Circle_Pink_250px.png using Guid(7e688a3be1a2b6646b105ae94c99a284) Importer(815301076,1909f56bfc062723c751e8b465ee728b) (PreviewImporter) -> (artifact id: 'cf4ead6780f0d0c1373d392371641562') in 0.0138919 seconds
Number of updated asset objects reloaded before import = 0Number of asset objects unloaded after import = 3

========================================================================
Received Import Request.
  Time since last request: 0.056502 seconds.
  path: Assets/Sweet Land GUI/Sprites/Frames/250px/Frame_Border_Honey_250px.png
  artifactKey: Guid(8f2b0d6358f139147b87b6dabfaefc1e) Importer(815301076,1909f56bfc062723c751e8b465ee728b)
Start importing Assets/Sweet Land GUI/Sprites/Frames/250px/Frame_Border_Honey_250px.png using Guid(8f2b0d6358f139147b87b6dabfaefc1e) Importer(815301076,1909f56bfc062723c751e8b465ee728b) (PreviewImporter) -> (artifact id: 'faa7d1feffe0314416bd7e8fb94034d5') in 0.0129464 seconds
Number of updated asset objects reloaded before import = 0Number of asset objects unloaded after import = 3

========================================================================
Received Import Request.
  Time since last request: 0.000024 seconds.
  path: Assets/Sweet Land GUI/Sprites/Frames/60px/Frame_Border_Red_60px.png
  artifactKey: Guid(9fb56203d6493b7468284a64e26eed4d) Importer(815301076,1909f56bfc062723c751e8b465ee728b)
Start importing Assets/Sweet Land GUI/Sprites/Frames/60px/Frame_Border_Red_60px.png using Guid(9fb56203d6493b7468284a64e26eed4d) Importer(815301076,1909f56bfc062723c751e8b465ee728b) (PreviewImporter) -> (artifact id: '71713e583291cf895c136a1f97563817') in 0.012303 seconds
Number of updated asset objects reloaded before import = 0Number of asset objects unloaded after import = 3

========================================================================
Received Import Request.
  Time since last request: 0.000123 seconds.
  path: Assets/Sweet Land GUI/Sprites/Frames/250px/Frame_Border_Pink_250px.png
  artifactKey: Guid(22153ea0e86ef924a83c253ab2120c6c) Importer(815301076,1909f56bfc062723c751e8b465ee728b)
Start importing Assets/Sweet Land GUI/Sprites/Frames/250px/Frame_Border_Pink_250px.png using Guid(22153ea0e86ef924a83c253ab2120c6c) Importer(815301076,1909f56bfc062723c751e8b465ee728b) (PreviewImporter) -> (artifact id: '585ef09ed67894b46f2998251c863bfe') in 0.014452 seconds
Number of updated asset objects reloaded before import = 0Number of asset objects unloaded after import = 3

========================================================================
Received Import Request.
  Time since last request: 0.000076 seconds.
  path: Assets/Sweet Land GUI/Sprites/Frames/60px/Frame_Border_Yellow_60px.png
  artifactKey: Guid(de1307c63f4506c4484b1e45e2af5c04) Importer(815301076,1909f56bfc062723c751e8b465ee728b)
Start importing Assets/Sweet Land GUI/Sprites/Frames/60px/Frame_Border_Yellow_60px.png using Guid(de1307c63f4506c4484b1e45e2af5c04) Importer(815301076,1909f56bfc062723c751e8b465ee728b) (PreviewImporter) -> (artifact id: '1fc2bc72d26e2ba975c1aec70497e34b') in 0.013691 seconds
Number of updated asset objects reloaded before import = 0Number of asset objects unloaded after import = 3

========================================================================
Received Import Request.
  Time since last request: 0.000030 seconds.
  path: Assets/Sweet Land GUI/Sprites/Frames/250px/Frame_Border_Orange_250px.png
  artifactKey: Guid(8d12baed1c50a364b8dda26db910b273) Importer(815301076,1909f56bfc062723c751e8b465ee728b)
Start importing Assets/Sweet Land GUI/Sprites/Frames/250px/Frame_Border_Orange_250px.png using Guid(8d12baed1c50a364b8dda26db910b273) Importer(815301076,1909f56bfc062723c751e8b465ee728b) (PreviewImporter) -> (artifact id: 'b236304650cf131cedf546eceec11741') in 0.0137383 seconds
Number of updated asset objects reloaded before import = 0Number of asset objects unloaded after import = 3

========================================================================
Received Import Request.
  Time since last request: 0.586383 seconds.
  path: Assets/Sweet Land GUI/Sprites/Scales/Empty_Circle_60px.png
  artifactKey: Guid(063ddf13193775d46bdd2be41c2184e0) Importer(815301076,1909f56bfc062723c751e8b465ee728b)
Start importing Assets/Sweet Land GUI/Sprites/Scales/Empty_Circle_60px.png using Guid(063ddf13193775d46bdd2be41c2184e0) Importer(815301076,1909f56bfc062723c751e8b465ee728b) (PreviewImporter) -> (artifact id: '94b5c7e56d633058b729dc33ce790c26') in 0.0118466 seconds
Number of updated asset objects reloaded before import = 0Number of asset objects unloaded after import = 3

========================================================================
Received Import Request.
  Time since last request: 0.000050 seconds.
  path: Assets/Sweet Land GUI/Sprites/Scales/Empty_Honeycomb_250px.png
  artifactKey: Guid(71d1389c88c109c4680517a234cff85a) Importer(815301076,1909f56bfc062723c751e8b465ee728b)
Start importing Assets/Sweet Land GUI/Sprites/Scales/Empty_Honeycomb_250px.png using Guid(71d1389c88c109c4680517a234cff85a) Importer(815301076,1909f56bfc062723c751e8b465ee728b) (PreviewImporter) -> (artifact id: '078f34cf4ba410792e1846c4d5a24d07') in 0.0169973 seconds
Number of updated asset objects reloaded before import = 0Number of asset objects unloaded after import = 3

========================================================================
Received Import Request.
  Time since last request: 0.000041 seconds.
  path: Assets/Sweet Land GUI/Sprites/Frames/60px/Frame_Border_Honey_60px.png
  artifactKey: Guid(ffe409939941bfa46a47042ff94b7908) Importer(815301076,1909f56bfc062723c751e8b465ee728b)
Start importing Assets/Sweet Land GUI/Sprites/Frames/60px/Frame_Border_Honey_60px.png using Guid(ffe409939941bfa46a47042ff94b7908) Importer(815301076,1909f56bfc062723c751e8b465ee728b) (PreviewImporter) -> (artifact id: '2a8993b230c1e2128a1daea9af2216fe') in 0.0155079 seconds
Number of updated asset objects reloaded before import = 0Number of asset objects unloaded after import = 3

========================================================================
Received Import Request.
  Time since last request: 0.000030 seconds.
  path: Assets/Sweet Land GUI/Sprites/Scales/Empty_Square_60px.png
  artifactKey: Guid(0071a6b0b843e37458733195ad800bd4) Importer(815301076,1909f56bfc062723c751e8b465ee728b)
Start importing Assets/Sweet Land GUI/Sprites/Scales/Empty_Square_60px.png using Guid(0071a6b0b843e37458733195ad800bd4) Importer(815301076,1909f56bfc062723c751e8b465ee728b) (PreviewImporter) -> (artifact id: '89dec7117a74db7c4e8fa973eb19ccf7') in 0.0195301 seconds
Number of updated asset objects reloaded before import = 0Number of asset objects unloaded after import = 3

========================================================================
Received Import Request.
  Time since last request: 2.766572 seconds.
  path: Assets/Sweet Land GUI/Sprites/Buttons/60px/Button_Trapezoid_Red_60px.png
  artifactKey: Guid(d5193c595344ab2429d7d4f47f5b9263) Importer(815301076,1909f56bfc062723c751e8b465ee728b)
Start importing Assets/Sweet Land GUI/Sprites/Buttons/60px/Button_Trapezoid_Red_60px.png using Guid(d5193c595344ab2429d7d4f47f5b9263) Importer(815301076,1909f56bfc062723c751e8b465ee728b) (PreviewImporter) -> (artifact id: 'dfbea5acb90361395fb5e241579cea60') in 0.0124754 seconds
Number of updated asset objects reloaded before import = 0Number of asset objects unloaded after import = 3

========================================================================
Received Import Request.
  Time since last request: 0.000028 seconds.
  path: Assets/Sweet Land GUI/Sprites/Buttons/250px/Button_Trapezoid_Yellow_250px.png
  artifactKey: Guid(b12f1bf16e9f3614d899bda71c1acf77) Importer(815301076,1909f56bfc062723c751e8b465ee728b)
Start importing Assets/Sweet Land GUI/Sprites/Buttons/250px/Button_Trapezoid_Yellow_250px.png using Guid(b12f1bf16e9f3614d899bda71c1acf77) Importer(815301076,1909f56bfc062723c751e8b465ee728b) (PreviewImporter) -> (artifact id: '4a0a52b60b267fdceb830a85c411ac1a') in 0.0141851 seconds
Number of updated asset objects reloaded before import = 0Number of asset objects unloaded after import = 3

========================================================================
Received Import Request.
  Time since last request: 0.000033 seconds.
  path: Assets/Sweet Land GUI/Sprites/Icons/Coin_2.png
  artifactKey: Guid(fc4dec7779e09234bb28a46f901a8dd7) Importer(815301076,1909f56bfc062723c751e8b465ee728b)
Start importing Assets/Sweet Land GUI/Sprites/Icons/Coin_2.png using Guid(fc4dec7779e09234bb28a46f901a8dd7) Importer(815301076,1909f56bfc062723c751e8b465ee728b) (PreviewImporter) -> (artifact id: '5760a9b596adf33bc2c523d54a535721') in 0.0139745 seconds
Number of updated asset objects reloaded before import = 0Number of asset objects unloaded after import = 3

========================================================================
Received Import Request.
  Time since last request: 0.082129 seconds.
  path: Assets/Sweet Land GUI/Sprites/Buttons/250px/Button_Square_Pink_250px.png
  artifactKey: Guid(20ae63630a343e140bb218808370bcda) Importer(815301076,1909f56bfc062723c751e8b465ee728b)
Start importing Assets/Sweet Land GUI/Sprites/Buttons/250px/Button_Square_Pink_250px.png using Guid(20ae63630a343e140bb218808370bcda) Importer(815301076,1909f56bfc062723c751e8b465ee728b) (PreviewImporter) -> (artifact id: '90d78855a2ecb61f18d5e060d692b826') in 0.0143316 seconds
Number of updated asset objects reloaded before import = 0Number of asset objects unloaded after import = 3

========================================================================
Received Import Request.
  Time since last request: 0.000024 seconds.
  path: Assets/Sweet Land GUI/Sprites/Buttons/60px/Button_Square_Yellow_60px.png
  artifactKey: Guid(8881fd462b1792849b42382c7f68697f) Importer(815301076,1909f56bfc062723c751e8b465ee728b)
Start importing Assets/Sweet Land GUI/Sprites/Buttons/60px/Button_Square_Yellow_60px.png using Guid(8881fd462b1792849b42382c7f68697f) Importer(815301076,1909f56bfc062723c751e8b465ee728b) (PreviewImporter) -> (artifact id: '507805578aff569c7d55c66b6b2ccbab') in 0.0121526 seconds
Number of updated asset objects reloaded before import = 0Number of asset objects unloaded after import = 3

========================================================================
Received Import Request.
  Time since last request: 0.000025 seconds.
  path: Assets/Sweet Land GUI/Sprites/Buttons/60px/Button_Trapezoid_Orange_60px.png
  artifactKey: Guid(ca44b60a08e2772479fe2fdd1dddd46d) Importer(815301076,1909f56bfc062723c751e8b465ee728b)
Start importing Assets/Sweet Land GUI/Sprites/Buttons/60px/Button_Trapezoid_Orange_60px.png using Guid(ca44b60a08e2772479fe2fdd1dddd46d) Importer(815301076,1909f56bfc062723c751e8b465ee728b) (PreviewImporter) -> (artifact id: '4a68fb33606ea72b39090ae544fc7931') in 0.0153408 seconds
Number of updated asset objects reloaded before import = 0Number of asset objects unloaded after import = 3

========================================================================
Received Import Request.
  Time since last request: 6.000004 seconds.
  path: Assets/Sweet Land GUI/Sprites/Buttons/60px/Button_Honeycomb_Red_60px.png
  artifactKey: Guid(4a9e1b8f5ca770b4da9e597e5b8e15eb) Importer(815301076,1909f56bfc062723c751e8b465ee728b)
Start importing Assets/Sweet Land GUI/Sprites/Buttons/60px/Button_Honeycomb_Red_60px.png using Guid(4a9e1b8f5ca770b4da9e597e5b8e15eb) Importer(815301076,1909f56bfc062723c751e8b465ee728b) (PreviewImporter) -> (artifact id: '193c2c809ab487c10a768fa39004c180') in 0.0121951 seconds
Number of updated asset objects reloaded before import = 0Number of asset objects unloaded after import = 3

========================================================================
Received Import Request.
  Time since last request: 0.000026 seconds.
  path: Assets/Sweet Land GUI/Sprites/Buttons/60px/Button_Honeycomb_Yellow_60px.png
  artifactKey: Guid(168074f6f48c3464ca1b336933c04bd8) Importer(815301076,1909f56bfc062723c751e8b465ee728b)
Start importing Assets/Sweet Land GUI/Sprites/Buttons/60px/Button_Honeycomb_Yellow_60px.png using Guid(168074f6f48c3464ca1b336933c04bd8) Importer(815301076,1909f56bfc062723c751e8b465ee728b) (PreviewImporter) -> (artifact id: '809f308bba7660bd6d240db70e2d49cb') in 0.0131416 seconds
Number of updated asset objects reloaded before import = 0Number of asset objects unloaded after import = 3

========================================================================
Received Import Request.
  Time since last request: 0.000068 seconds.
  path: Assets/Sweet Land GUI/Sprites/Buttons/250px/Button_Honeycomb_White_250px.png
  artifactKey: Guid(b004df1f2914877478241552257719a5) Importer(815301076,1909f56bfc062723c751e8b465ee728b)
Start importing Assets/Sweet Land GUI/Sprites/Buttons/250px/Button_Honeycomb_White_250px.png using Guid(b004df1f2914877478241552257719a5) Importer(815301076,1909f56bfc062723c751e8b465ee728b) (PreviewImporter) -> (artifact id: 'f37503c5aad8c2068de5b8aa6aa96b2d') in 0.0153227 seconds
Number of updated asset objects reloaded before import = 0Number of asset objects unloaded after import = 3

========================================================================
Received Import Request.
  Time since last request: 1.577993 seconds.
  path: Assets/Sweet Land GUI/Sprites/Buttons/60px/Button_Circle_Red_60px.png
  artifactKey: Guid(531e18c8bcd894f48b18249defc8dfa4) Importer(815301076,1909f56bfc062723c751e8b465ee728b)
Start importing Assets/Sweet Land GUI/Sprites/Buttons/60px/Button_Circle_Red_60px.png using Guid(531e18c8bcd894f48b18249defc8dfa4) Importer(815301076,1909f56bfc062723c751e8b465ee728b) (PreviewImporter) -> (artifact id: 'cdab1233fd9049ff43a8837ac2d53dde') in 0.01306 seconds
Number of updated asset objects reloaded before import = 0Number of asset objects unloaded after import = 3

========================================================================
Received Import Request.
  Time since last request: 0.000025 seconds.
  path: Assets/Sweet Land GUI/Sprites/Buttons/250px/Button_Circle_White_250px.png
  artifactKey: Guid(f391ac654d0c46544b5d00eecad81669) Importer(815301076,1909f56bfc062723c751e8b465ee728b)
Start importing Assets/Sweet Land GUI/Sprites/Buttons/250px/Button_Circle_White_250px.png using Guid(f391ac654d0c46544b5d00eecad81669) Importer(815301076,1909f56bfc062723c751e8b465ee728b) (PreviewImporter) -> (artifact id: '2d0989edaac608b8ef107923ec6c7ca1') in 0.0175772 seconds
Number of updated asset objects reloaded before import = 0Number of asset objects unloaded after import = 3

========================================================================
Received Import Request.
  Time since last request: 0.000031 seconds.
  path: Assets/Sweet Land GUI/Sprites/Buttons/60px/Button_Honeycomb_Pink_60px.png
  artifactKey: Guid(cd7a9dc9d7231544497df5d010d1547d) Importer(815301076,1909f56bfc062723c751e8b465ee728b)
Start importing Assets/Sweet Land GUI/Sprites/Buttons/60px/Button_Honeycomb_Pink_60px.png using Guid(cd7a9dc9d7231544497df5d010d1547d) Importer(815301076,1909f56bfc062723c751e8b465ee728b) (PreviewImporter) -> (artifact id: 'c071f6154d4824584afb6cb7557d7d79') in 0.035055 seconds
Number of updated asset objects reloaded before import = 0Number of asset objects unloaded after import = 3

========================================================================
Received Import Request.
  Time since last request: 0.065792 seconds.
  path: Assets/Sweet Land GUI/Sprites/Icons/Add_Video_Plate.png
  artifactKey: Guid(fee5099eda8d20a49a06af50b6940979) Importer(815301076,1909f56bfc062723c751e8b465ee728b)
Start importing Assets/Sweet Land GUI/Sprites/Icons/Add_Video_Plate.png using Guid(fee5099eda8d20a49a06af50b6940979) Importer(815301076,1909f56bfc062723c751e8b465ee728b) (PreviewImporter) -> (artifact id: 'f8fd9822c78dd10722086c527e11ae22') in 0.0153092 seconds
Number of updated asset objects reloaded before import = 0Number of asset objects unloaded after import = 3

========================================================================
Received Import Request.
  Time since last request: 0.000173 seconds.
  path: Assets/Sweet Land GUI/Sprites/Buttons/250px/Button_Circle_Orange_250px.png
  artifactKey: Guid(aa67a1e4a9fbe9e4fb8d6237f7ffd2f1) Importer(815301076,1909f56bfc062723c751e8b465ee728b)
Start importing Assets/Sweet Land GUI/Sprites/Buttons/250px/Button_Circle_Orange_250px.png using Guid(aa67a1e4a9fbe9e4fb8d6237f7ffd2f1) Importer(815301076,1909f56bfc062723c751e8b465ee728b) (PreviewImporter) -> (artifact id: '31552a70f6471c9f48ef793aa84e0247') in 0.0152741 seconds
Number of updated asset objects reloaded before import = 0Number of asset objects unloaded after import = 3

========================================================================
Received Import Request.
  Time since last request: 5.966258 seconds.
  path: Assets/Sweet Land GUI/Sprites/Icons/Icon_Close.png
  artifactKey: Guid(0630b8d5ad77fa94bb32ca4792fc9c8a) Importer(815301076,1909f56bfc062723c751e8b465ee728b)
Start importing Assets/Sweet Land GUI/Sprites/Icons/Icon_Close.png using Guid(0630b8d5ad77fa94bb32ca4792fc9c8a) Importer(815301076,1909f56bfc062723c751e8b465ee728b) (PreviewImporter) -> (artifact id: 'c90411a762c216ca73479785d4fb4b73') in 0.0147699 seconds
Number of updated asset objects reloaded before import = 0Number of asset objects unloaded after import = 3

========================================================================
Received Import Request.
  Time since last request: 0.000025 seconds.
  path: Assets/Sweet Land GUI/Sprites/Icons/Icon_Pause.png
  artifactKey: Guid(f7531c55aa5e400418161d9ec43b80fc) Importer(815301076,1909f56bfc062723c751e8b465ee728b)
Start importing Assets/Sweet Land GUI/Sprites/Icons/Icon_Pause.png using Guid(f7531c55aa5e400418161d9ec43b80fc) Importer(815301076,1909f56bfc062723c751e8b465ee728b) (PreviewImporter) -> (artifact id: '1c75b1a5d8e62d564d4a848f96e6281f') in 0.0145365 seconds
Number of updated asset objects reloaded before import = 0Number of asset objects unloaded after import = 3

========================================================================
Received Import Request.
  Time since last request: 0.075025 seconds.
  path: Assets/Sweet Land GUI/Sprites/Icons/Icon_Settings.png
  artifactKey: Guid(00280b2b82f0cdd488aed522cbff996c) Importer(815301076,1909f56bfc062723c751e8b465ee728b)
Start importing Assets/Sweet Land GUI/Sprites/Icons/Icon_Settings.png using Guid(00280b2b82f0cdd488aed522cbff996c) Importer(815301076,1909f56bfc062723c751e8b465ee728b) (PreviewImporter) -> (artifact id: 'e175000bb1a86eb510460931dfc87b97') in 0.0144977 seconds
Number of updated asset objects reloaded before import = 0Number of asset objects unloaded after import = 3

========================================================================
Received Import Request.
  Time since last request: 0.000024 seconds.
  path: Assets/Sweet Land GUI/Sprites/Joysticks/Joystick_Fire_Jelly.png
  artifactKey: Guid(23bc116911b8cf84ea296ea3534a7f11) Importer(815301076,1909f56bfc062723c751e8b465ee728b)
Start importing Assets/Sweet Land GUI/Sprites/Joysticks/Joystick_Fire_Jelly.png using Guid(23bc116911b8cf84ea296ea3534a7f11) Importer(815301076,1909f56bfc062723c751e8b465ee728b) (PreviewImporter) -> (artifact id: '21b7abc738ca2c7e1b69654c55a2c256') in 0.0140249 seconds
Number of updated asset objects reloaded before import = 0Number of asset objects unloaded after import = 3

========================================================================
Received Import Request.
  Time since last request: 0.000025 seconds.
  path: Assets/FanyasyStatusIcons/Light.png
  artifactKey: Guid(e5b51ba7873f8e549b768426dfb067cb) Importer(815301076,1909f56bfc062723c751e8b465ee728b)
Start importing Assets/FanyasyStatusIcons/Light.png using Guid(e5b51ba7873f8e549b768426dfb067cb) Importer(815301076,1909f56bfc062723c751e8b465ee728b) (PreviewImporter) -> (artifact id: '1269e75591ee29a86d302da97c122ed4') in 0.0172893 seconds
Number of updated asset objects reloaded before import = 0Number of asset objects unloaded after import = 3

========================================================================
Received Import Request.
  Time since last request: 0.129411 seconds.
  path: Assets/Sweet Land GUI/Sprites/Joysticks/PowerUp_Not_Ready_Jelly.png
  artifactKey: Guid(e11a2bccd5b86a84da59baed05d45410) Importer(815301076,1909f56bfc062723c751e8b465ee728b)
Start importing Assets/Sweet Land GUI/Sprites/Joysticks/PowerUp_Not_Ready_Jelly.png using Guid(e11a2bccd5b86a84da59baed05d45410) Importer(815301076,1909f56bfc062723c751e8b465ee728b) (PreviewImporter) -> (artifact id: '4fb01a401b69347b08c3d5d913a938d7') in 0.0184368 seconds
Number of updated asset objects reloaded before import = 0Number of asset objects unloaded after import = 3

========================================================================
Received Import Request.
  Time since last request: 0.000023 seconds.
  path: Assets/Sweet Land GUI/Sprites/Scales/Scale_Honey_Pink_60px.png
  artifactKey: Guid(48a8d071a52f75a4591f787d22559fe2) Importer(815301076,1909f56bfc062723c751e8b465ee728b)
Start importing Assets/Sweet Land GUI/Sprites/Scales/Scale_Honey_Pink_60px.png using Guid(48a8d071a52f75a4591f787d22559fe2) Importer(815301076,1909f56bfc062723c751e8b465ee728b) (PreviewImporter) -> (artifact id: 'e07290783874c778dd5a5a9c084fe3ee') in 0.0146832 seconds
Number of updated asset objects reloaded before import = 0Number of asset objects unloaded after import = 3

========================================================================
Received Import Request.
  Time since last request: 0.078062 seconds.
  path: Assets/Sweet Land GUI/Sprites/Icons/Shop_Icon_Fire_Speed.png
  artifactKey: Guid(30eed13f7c448824081c000760f61cef) Importer(815301076,1909f56bfc062723c751e8b465ee728b)
Start importing Assets/Sweet Land GUI/Sprites/Icons/Shop_Icon_Fire_Speed.png using Guid(30eed13f7c448824081c000760f61cef) Importer(815301076,1909f56bfc062723c751e8b465ee728b) (PreviewImporter) -> (artifact id: 'cb3da71fd8ea7639ed62e5c8f2956ad6') in 0.0171806 seconds
Number of updated asset objects reloaded before import = 0Number of asset objects unloaded after import = 3

Editor requested this worker to shutdown with reason: Scaling down because of idle timeout
AssetImportWorker is now disconnected from the server
Process exiting
Exiting without the bug reporter. Application will terminate with return code 0